[debug] [2017-09-11T05:52:32.180Z] ----------------------------------------------------------------------
[debug] [2017-09-11T05:52:32.197Z] Command:       C:\Program Files\nodejs\node.exe C:\Users\JeremyS\AppData\Roaming\npm\node_modules\firebase-tools\bin\firebase serve
[debug] [2017-09-11T05:52:32.200Z] CLI Version:   3.10.1
[debug] [2017-09-11T05:52:32.200Z] Platform:      win32
[debug] [2017-09-11T05:52:32.200Z] Node Version:  v6.11.3
[debug] [2017-09-11T05:52:32.202Z] Time:          Mon Sep 11 2017 15:52:32 GMT+1000 (E. Australia Standard Time)
[debug] [2017-09-11T05:52:32.202Z] ----------------------------------------------------------------------
[debug] 
[debug] [2017-09-11T05:52:32.348Z] > command requires scopes: ["email","openid","https://www.googleapis.com/auth/cloudplatformprojects.readonly","https://www.googleapis.com/auth/firebase","https://www.googleapis.com/auth/cloud-platform"]
[debug] [2017-09-11T05:52:32.349Z] > authorizing via signed-in user
[debug] [2017-09-11T05:52:32.356Z] > refreshing access token with scopes: ["email","https://www.googleapis.com/auth/cloud-platform","https://www.googleapis.com/auth/cloudplatformprojects.readonly","https://www.googleapis.com/auth/firebase","openid"]
[debug] [2017-09-11T05:52:32.358Z] >>> HTTP REQUEST POST https://www.googleapis.com/oauth2/v3/token { refresh_token: '1/gZnG5uoRtvwMea4gbpZZmAd7UtcDNXwtZ2xJrbWEOTkuHBq90MIfsVbAJLRYQO9d',
  client_id: '563584335869-fgrhgmd47bqnekij5i8b5pr03ho849e6.apps.googleusercontent.com',
  client_secret: 'j9iVZfS8kkCEFUPaAeJV0sAi',
  grant_type: 'refresh_token',
  scope: 'email https://www.googleapis.com/auth/cloud-platform https://www.googleapis.com/auth/cloudplatformprojects.readonly https://www.googleapis.com/auth/firebase openid' } 
 Mon Sep 11 2017 15:52:32 GMT+1000 (E. Australia Standard Time)
[debug] [2017-09-11T05:52:32.833Z] <<< HTTP RESPONSE 200
[debug] [2017-09-11T05:52:32.983Z] >>> HTTP REQUEST GET https://admin.firebase.com/v1/projects/diabetesarp  
 Mon Sep 11 2017 15:52:32 GMT+1000 (E. Australia Standard Time)
[debug] [2017-09-11T05:52:34.296Z] <<< HTTP RESPONSE 200
[debug] [2017-09-11T05:52:34.298Z] >>> HTTP REQUEST GET https://admin.firebase.com/v1/database/diabetesarp/tokens  
 Mon Sep 11 2017 15:52:34 GMT+1000 (E. Australia Standard Time)
[debug] [2017-09-11T05:52:35.084Z] <<< HTTP RESPONSE 200
[info] 
[info] === Serving from 'D:\GitHub\Team_26_Capstone_2017\diabetesarpweb'...
[info] 
[debug] [2017-09-11T05:52:35.095Z] >>> HTTP REQUEST GET https://cloudresourcemanager.googleapis.com/v1/projects/diabetesarp  
 Mon Sep 11 2017 15:52:35 GMT+1000 (E. Australia Standard Time)
[debug] [2017-09-11T05:52:36.677Z] <<< HTTP RESPONSE 200
[debug] [2017-09-11T05:52:36.679Z] >>> HTTP REQUEST GET https://mobilesdk-pa.googleapis.com/v1/projects/411612735580/clients/_:getWebAppConfig  
 Mon Sep 11 2017 15:52:36 GMT+1000 (E. Australia Standard Time)
[debug] [2017-09-11T05:52:38.031Z] <<< HTTP RESPONSE 200
[info] i  hosting: Serving hosting files from: public
[info] +  hosting: Local server: http://localhost:5000

